Using pre-set license
Built from '2022.3/staging' branch; Version is '2022.3.14f1 (eff2de9070d8) revision 15725278'; Using compiler version '192829333'; Build Type 'Release'
OS: 'Windows 10  (10.0.19045) 64bit Education' Language: 'tr' Physical Memory: 16225 MB
BatchMode: 1, IsHumanControllingUs: 0, StartBugReporterOnCrash: 0, Is64bit: 1, IsPro: 1

COMMAND LINE ARGUMENTS:
C:\Program Files\Unity\Hub\Editor\2022.3.14f1\Editor\Unity.exe
-adb2
-batchMode
-noUpm
-name
AssetImportWorker0
-projectPath
C:/Users/atacan/Desktop/Unity/My project
-logFile
Logs/AssetImportWorker0.log
-srvPort
61998
Successfully changed project path to: C:/Users/atacan/Desktop/Unity/My project
C:/Users/atacan/Desktop/Unity/My project
[UnityMemory] Configuration Parameters - Can be set up in boot.config
    "memorysetup-bucket-allocator-granularity=16"
    "memorysetup-bucket-allocator-bucket-count=8"
    "memorysetup-bucket-allocator-block-size=33554432"
    "memorysetup-bucket-allocator-block-count=8"
    "memorysetup-main-allocator-block-size=16777216"
    "memorysetup-thread-allocator-block-size=16777216"
    "memorysetup-gfx-main-allocator-block-size=16777216"
    "memorysetup-gfx-thread-allocator-block-size=16777216"
    "memorysetup-cache-allocator-block-size=4194304"
    "memorysetup-typetree-allocator-block-size=2097152"
    "memorysetup-profiler-bucket-allocator-granularity=16"
    "memorysetup-profiler-bucket-allocator-bucket-count=8"
    "memorysetup-profiler-bucket-allocator-block-size=33554432"
    "memorysetup-profiler-bucket-allocator-block-count=8"
    "memorysetup-profiler-allocator-block-size=16777216"
    "memorysetup-profiler-editor-allocator-block-size=1048576"
    "memorysetup-temp-allocator-size-main=16777216"
    "memorysetup-job-temp-allocator-block-size=2097152"
    "memorysetup-job-temp-allocator-block-size-background=1048576"
    "memorysetup-job-temp-allocator-reduction-small-platforms=262144"
    "memorysetup-allocator-temp-initial-block-size-main=262144"
    "memorysetup-allocator-temp-initial-block-size-worker=262144"
    "memorysetup-temp-allocator-size-background-worker=32768"
    "memorysetup-temp-allocator-size-job-worker=262144"
    "memorysetup-temp-allocator-size-preload-manager=33554432"
    "memorysetup-temp-allocator-size-nav-mesh-worker=65536"
    "memorysetup-temp-allocator-size-audio-worker=65536"
    "memorysetup-temp-allocator-size-cloud-worker=32768"
    "memorysetup-temp-allocator-size-gi-baking-worker=262144"
    "memorysetup-temp-allocator-size-gfx=262144"
Player connection [19484] Host "[IP] 192.168.1.248 [Port] 0 [Flags] 2 [Guid] 507173961 [EditorId] 507173961 [Version] 1048832 [Id] WindowsEditor(7,DESKTOP-CMVK0GA) [Debug] 1 [PackageName] WindowsEditor [ProjectName] Editor" joined multi-casting on [225.0.0.222:54997]...

Player connection [19484] Host "[IP] 192.168.1.248 [Port] 0 [Flags] 2 [Guid] 507173961 [EditorId] 507173961 [Version] 1048832 [Id] WindowsEditor(7,DESKTOP-CMVK0GA) [Debug] 1 [PackageName] WindowsEditor [ProjectName] Editor" joined alternative multi-casting on [225.0.0.222:34997]...

[Physics::Module] Initialized MultithreadedJobDispatcher with 11 workers.
Refreshing native plugins compatible for Editor in 20.37 ms, found 11 plugins.
Preloading 0 native plugins for Editor in 0.00 ms.
Initialize engine version: 2022.3.14f1 (eff2de9070d8)
[Subsystems] Discovering subsystems at path C:/Program Files/Unity/Hub/Editor/2022.3.14f1/Editor/Data/Resources/UnitySubsystems
[Subsystems] Discovering subsystems at path C:/Users/atacan/Desktop/Unity/My project/Assets
GfxDevice: creating device client; threaded=0; jobified=0
Direct3D:
    Version:  Direct3D 11.0 [level 11.1]
    Renderer: NVIDIA GeForce RTX 3060 Ti (ID=0x2489)
    Vendor:   NVIDIA
    VRAM:     8038 MB
    Driver:   31.0.15.4601
Initialize mono
Mono path[0] = 'C:/Program Files/Unity/Hub/Editor/2022.3.14f1/Editor/Data/Managed'
Mono path[1] = 'C:/Program Files/Unity/Hub/Editor/2022.3.14f1/Editor/Data/MonoBleedingEdge/lib/mono/unityjit-win32'
Mono config path = 'C:/Program Files/Unity/Hub/Editor/2022.3.14f1/Editor/Data/MonoBleedingEdge/etc'
Using monoOptions --debugger-agent=transport=dt_socket,embedding=1,server=y,suspend=n,address=127.0.0.1:56240
Begin MonoManager ReloadAssembly
Registering precompiled unity dll's ...
Register platform support module: C:/Program Files/Unity/Hub/Editor/2022.3.14f1/Editor/Data/PlaybackEngines/WebGLSupport/UnityEditor.WebGL.Extensions.dll
Register platform support module: C:/Program Files/Unity/Hub/Editor/2022.3.14f1/Editor/Data/PlaybackEngines/AndroidPlayer/UnityEditor.Android.Extensions.dll
Register platform support module: C:/Program Files/Unity/Hub/Editor/2022.3.14f1/Editor/Data/PlaybackEngines/WindowsStandaloneSupport/UnityEditor.WindowsStandalone.Extensions.dll
Registered in 0.008877 seconds.
- Loaded All Assemblies, in  0.307 seconds
Native extension for WindowsStandalone target not found
Native extension for Android target not found
Android Extension - Scanning For ADB Devices 170 ms
Native extension for WebGL target not found
Mono: successfully reloaded assembly
- Finished resetting the current domain, in  0.438 seconds
Domain Reload Profiling: 744ms
	BeginReloadAssembly (111ms)
		ExecutionOrderSort (0ms)
		DisableScriptedObjects (0ms)
		BackupInstance (0ms)
		ReleaseScriptingObjects (0ms)
		CreateAndSetChildDomain (1ms)
	RebuildCommonClasses (27ms)
	RebuildNativeTypeToScriptingClass (13ms)
	initialDomainReloadingComplete (45ms)
	LoadAllAssembliesAndSetupDomain (110ms)
		LoadAssemblies (110ms)
		RebuildTransferFunctionScriptingTraits (0ms)
		AnalyzeDomain (108ms)
			TypeCache.Refresh (107ms)
				TypeCache.ScanAssembly (98ms)
			ScanForSourceGeneratedMonoScriptInfo (0ms)
			ResolveRequiredComponents (0ms)
	FinalizeReload (438ms)
		ReleaseScriptCaches (0ms)
		RebuildScriptCaches (0ms)
		SetupLoadedEditorAssemblies (389ms)
			LogAssemblyErrors (0ms)
			InitializePlatformSupportModulesInManaged (259ms)
			SetLoadedEditorAssemblies (2ms)
			RefreshPlugins (0ms)
			BeforeProcessingInitializeOnLoad (1ms)
			ProcessInitializeOnLoadAttributes (69ms)
			ProcessInitializeOnLoadMethodAttributes (58ms)
			AfterProcessingInitializeOnLoad (0ms)
			EditorAssembliesLoaded (0ms)
		ExecutionOrderSort2 (0ms)
		AwakeInstancesAfterBackupRestoration (0ms)
========================================================================
Worker process is ready to serve import requests
Begin MonoManager ReloadAssembly
- Loaded All Assemblies, in  0.633 seconds
Refreshing native plugins compatible for Editor in 11.97 ms, found 11 plugins.
Native extension for WindowsStandalone target not found
Native extension for Android target not found
Native extension for WebGL target not found
Package Manager log level set to [2]
[Package Manager] Server::EnsureServerProcessIsRunning -- launch failed, reason: Unity was launched with the -noUpm command-line argument
[Package Manager] UpmClient::Send -- Unable to send message (not connected to UPM process).
[Package Manager] Cannot connect to Unity Package Manager local server
[Package Manager] Server::EnsureServerProcessIsRunning -- launch failed, reason: Unity was launched with the -noUpm command-line argument
[Package Manager] UpmClient::Send -- Unable to send message (not connected to UPM process).
[Package Manager] Cannot connect to Unity Package Manager local server
Mono: successfully reloaded assembly
[Package Manager] Server::EnsureServerProcessIsRunning -- launch failed, reason: Unity was launched with the -noUpm command-line argument
[Package Manager] UpmClient::Send -- Unable to send message (not connected to UPM process).
[Package Manager] Cannot connect to Unity Package Manager local server
[Package Manager] Server::EnsureServerProcessIsRunning -- launch failed, reason: Unity was launched with the -noUpm command-line argument
[Package Manager] UpmClient::Send -- Unable to send message (not connected to UPM process).
[Package Manager] Cannot connect to Unity Package Manager local server
- Finished resetting the current domain, in  0.799 seconds
Domain Reload Profiling: 1428ms
	BeginReloadAssembly (105ms)
		ExecutionOrderSort (0ms)
		DisableScriptedObjects (3ms)
		BackupInstance (0ms)
		ReleaseScriptingObjects (0ms)
		CreateAndSetChildDomain (15ms)
	RebuildCommonClasses (25ms)
	RebuildNativeTypeToScriptingClass (8ms)
	initialDomainReloadingComplete (34ms)
	LoadAllAssembliesAndSetupDomain (457ms)
		LoadAssemblies (328ms)
		RebuildTransferFunctionScriptingTraits (0ms)
		AnalyzeDomain (192ms)
			TypeCache.Refresh (168ms)
				TypeCache.ScanAssembly (153ms)
			ScanForSourceGeneratedMonoScriptInfo (17ms)
			ResolveRequiredComponents (6ms)
	FinalizeReload (799ms)
		ReleaseScriptCaches (0ms)
		RebuildScriptCaches (0ms)
		SetupLoadedEditorAssemblies (664ms)
			LogAssemblyErrors (0ms)
			InitializePlatformSupportModulesInManaged (21ms)
			SetLoadedEditorAssemblies (2ms)
			RefreshPlugins (0ms)
			BeforeProcessingInitializeOnLoad (73ms)
			ProcessInitializeOnLoadAttributes (344ms)
			ProcessInitializeOnLoadMethodAttributes (218ms)
			AfterProcessingInitializeOnLoad (6ms)
			EditorAssembliesLoaded (0ms)
		ExecutionOrderSort2 (0ms)
		AwakeInstancesAfterBackupRestoration (5ms)
Launched and connected shader compiler UnityShaderCompiler.exe after 0.03 seconds
Refreshing native plugins compatible for Editor in 15.22 ms, found 11 plugins.
Preloading 0 native plugins for Editor in 0.00 ms.
Unloading 4963 Unused Serialized files (Serialized files now loaded: 0)
Unloading 116 unused Assets / (1.3 MB). Loaded Objects now: 5402.
Memory consumption went from 182.1 MB to 180.8 MB.
Total: 3.994100 ms (FindLiveObjects: 0.382300 ms CreateObjectMapping: 0.343700 ms MarkObjects: 2.770000 ms  DeleteObjects: 0.496800 ms)

AssetImportParameters requested are different than current active one (requested -> active):
  custom:container-demuxer-ogg: 62fdf1f143b41e24485cea50d1cbac27 -> 
  custom:video-decoder-ogg-theora: a1e56fd34408186e4bbccfd4996cb3dc -> 
  custom:framework-win-MediaFoundation: 216162199b28c13a410421893ffa2e32 -> 
  custom:container-demuxer-webm: 4f35f7cbe854078d1ac9338744f61a02 -> 
  custom:container-muxer-webm: aa71ff27fc2769a1b78a27578f13a17b -> 
  custom:video-decoder-webm-vp8: 9c59270c3fd7afecdb556c50c9e8de78 -> 
  custom:AudioImporter_EditorPlatform: d09bf68614088b80899f8185d706f6e7 -> 
  custom:video-encoder-webm-vp8: eb34c28f22e8b96e1ab97ce403110664 -> 
  custom:audio-decoder-ogg-vorbis: bf7c407c2cedff20999df2af8eb42d56 -> 
  custom:audio-encoder-webm-vorbis: bf7c407c2cedff20999df2af8eb42d56 -> 
========================================================================
Received Prepare
Begin MonoManager ReloadAssembly
- Loaded All Assemblies, in  0.557 seconds
Refreshing native plugins compatible for Editor in 22.46 ms, found 11 plugins.
Native extension for WindowsStandalone target not found
Native extension for Android target not found
Native extension for WebGL target not found
[Package Manager] Server::EnsureServerProcessIsRunning -- launch failed, reason: Unity was launched with the -noUpm command-line argument
[Package Manager] UpmClient::Send -- Unable to send message (not connected to UPM process).
[Package Manager] Cannot connect to Unity Package Manager local server
[Package Manager] Server::EnsureServerProcessIsRunning -- launch failed, reason: Unity was launched with the -noUpm command-line argument
[Package Manager] UpmClient::Send -- Unable to send message (not connected to UPM process).
[Package Manager] Cannot connect to Unity Package Manager local server
Mono: successfully reloaded assembly
[Package Manager] Server::EnsureServerProcessIsRunning -- launch failed, reason: Unity was launched with the -noUpm command-line argument
[Package Manager] UpmClient::Send -- Unable to send message (not connected to UPM process).
[Package Manager] Cannot connect to Unity Package Manager local server
- Finished resetting the current domain, in  1.172 seconds
Domain Reload Profiling: 1722ms
	BeginReloadAssembly (171ms)
		ExecutionOrderSort (0ms)
		DisableScriptedObjects (6ms)
		BackupInstance (0ms)
		ReleaseScriptingObjects (0ms)
		CreateAndSetChildDomain (39ms)
	RebuildCommonClasses (37ms)
	RebuildNativeTypeToScriptingClass (11ms)
	initialDomainReloadingComplete (42ms)
	LoadAllAssembliesAndSetupDomain (289ms)
		LoadAssemblies (347ms)
		RebuildTransferFunctionScriptingTraits (0ms)
		AnalyzeDomain (21ms)
			TypeCache.Refresh (9ms)
				TypeCache.ScanAssembly (0ms)
			ScanForSourceGeneratedMonoScriptInfo (0ms)
			ResolveRequiredComponents (10ms)
	FinalizeReload (1172ms)
		ReleaseScriptCaches (0ms)
		RebuildScriptCaches (0ms)
		SetupLoadedEditorAssemblies (625ms)
			LogAssemblyErrors (0ms)
			InitializePlatformSupportModulesInManaged (26ms)
			SetLoadedEditorAssemblies (2ms)
			RefreshPlugins (0ms)
			BeforeProcessingInitializeOnLoad (62ms)
			ProcessInitializeOnLoadAttributes (274ms)
			ProcessInitializeOnLoadMethodAttributes (253ms)
			AfterProcessingInitializeOnLoad (8ms)
			EditorAssembliesLoaded (1ms)
		ExecutionOrderSort2 (0ms)
		AwakeInstancesAfterBackupRestoration (8ms)
Refreshing native plugins compatible for Editor in 12.17 ms, found 11 plugins.
Preloading 0 native plugins for Editor in 0.00 ms.
Unloading 4908 Unused Serialized files (Serialized files now loaded: 0)
Unloading 95 unused Assets / (1.2 MB). Loaded Objects now: 5406.
Memory consumption went from 175.3 MB to 174.1 MB.
Total: 3.186300 ms (FindLiveObjects: 0.236000 ms CreateObjectMapping: 0.133700 ms MarkObjects: 2.384800 ms  DeleteObjects: 0.430800 ms)

Prepare: number of updated asset objects reloaded= 0
AssetImportParameters requested are different than current active one (requested -> active):
  custom:container-demuxer-ogg: 62fdf1f143b41e24485cea50d1cbac27 -> 
  custom:video-decoder-ogg-theora: a1e56fd34408186e4bbccfd4996cb3dc -> 
  custom:framework-win-MediaFoundation: 216162199b28c13a410421893ffa2e32 -> 
  custom:container-demuxer-webm: 4f35f7cbe854078d1ac9338744f61a02 -> 
  custom:container-muxer-webm: aa71ff27fc2769a1b78a27578f13a17b -> 
  custom:video-decoder-webm-vp8: 9c59270c3fd7afecdb556c50c9e8de78 -> 
  custom:AudioImporter_EditorPlatform: d09bf68614088b80899f8185d706f6e7 -> 
  custom:video-encoder-webm-vp8: eb34c28f22e8b96e1ab97ce403110664 -> 
  custom:audio-decoder-ogg-vorbis: bf7c407c2cedff20999df2af8eb42d56 -> 
  custom:audio-encoder-webm-vorbis: bf7c407c2cedff20999df2af8eb42d56 -> 
========================================================================
Received Import Request.
  Time since last request: 258348.388557 seconds.
  path: Assets/ReferenceImageLibrary.asset
  artifactKey: Guid(94fe9272d0de1d442995acbe1a55a29f) Importer(815301076,1909f56bfc062723c751e8b465ee728b)
Start importing Assets/ReferenceImageLibrary.asset using Guid(94fe9272d0de1d442995acbe1a55a29f) Importer(815301076,1909f56bfc062723c751e8b465ee728b)  -> (artifact id: '3251fd399d5b5d4410042cc991fcb2dc') in 0.015891 seconds
Number of updated asset objects reloaded before import = 0
Number of asset objects unloaded after import = 1
========================================================================
Received Prepare
Refreshing native plugins compatible for Editor in 342.88 ms, found 11 plugins.
Preloading 0 native plugins for Editor in 0.00 ms.
Unloading 8 Unused Serialized files (Serialized files now loaded: 0)
Unloading 9 unused Assets / (1.1 MB). Loaded Objects now: 5407.
Memory consumption went from 95.6 MB to 94.5 MB.
Total: 7.015000 ms (FindLiveObjects: 0.506500 ms CreateObjectMapping: 0.273200 ms MarkObjects: 5.462800 ms  DeleteObjects: 0.771100 ms)

Prepare: number of updated asset objects reloaded= 0
AssetImportParameters requested are different than current active one (requested -> active):
  custom:container-demuxer-ogg: 62fdf1f143b41e24485cea50d1cbac27 -> 
  custom:video-decoder-ogg-theora: a1e56fd34408186e4bbccfd4996cb3dc -> 
  custom:framework-win-MediaFoundation: 216162199b28c13a410421893ffa2e32 -> 
  custom:container-demuxer-webm: 4f35f7cbe854078d1ac9338744f61a02 -> 
  custom:container-muxer-webm: aa71ff27fc2769a1b78a27578f13a17b -> 
  custom:video-decoder-webm-vp8: 9c59270c3fd7afecdb556c50c9e8de78 -> 
  custom:SearchIndexIgnoredProperties: e643bd26f0fe6173181afceb89e7c659 -> 
  custom:AudioImporter_EditorPlatform: d09bf68614088b80899f8185d706f6e7 -> 
  custom:video-encoder-webm-vp8: eb34c28f22e8b96e1ab97ce403110664 -> 
  custom:audio-decoder-ogg-vorbis: bf7c407c2cedff20999df2af8eb42d56 -> 
  custom:audio-encoder-webm-vorbis: bf7c407c2cedff20999df2af8eb42d56 -> 
========================================================================
Received Prepare
Refreshing native plugins compatible for Editor in 15.87 ms, found 11 plugins.
Preloading 0 native plugins for Editor in 0.00 ms.
Unloading 9 Unused Serialized files (Serialized files now loaded: 0)
Unloading 9 unused Assets / (1.1 MB). Loaded Objects now: 5407.
Memory consumption went from 95.7 MB to 94.6 MB.
Total: 3.645800 ms (FindLiveObjects: 0.223200 ms CreateObjectMapping: 0.114300 ms MarkObjects: 2.895200 ms  DeleteObjects: 0.412400 ms)

Prepare: number of updated asset objects reloaded= 0
AssetImportParameters requested are different than current active one (requested -> active):
  custom:container-demuxer-ogg: 62fdf1f143b41e24485cea50d1cbac27 -> 
  custom:video-decoder-ogg-theora: a1e56fd34408186e4bbccfd4996cb3dc -> 
  custom:framework-win-MediaFoundation: 216162199b28c13a410421893ffa2e32 -> 
  custom:CustomObjectIndexerAttribute: 756ad292c208cfabdd7b50bc23989ffe -> 
  custom:container-demuxer-webm: 4f35f7cbe854078d1ac9338744f61a02 -> 
  custom:container-muxer-webm: aa71ff27fc2769a1b78a27578f13a17b -> 
  custom:video-decoder-webm-vp8: 9c59270c3fd7afecdb556c50c9e8de78 -> 
  custom:SearchIndexIgnoredProperties: e643bd26f0fe6173181afceb89e7c659 -> 
  custom:AudioImporter_EditorPlatform: d09bf68614088b80899f8185d706f6e7 -> 
  custom:video-encoder-webm-vp8: eb34c28f22e8b96e1ab97ce403110664 -> 
  custom:audio-decoder-ogg-vorbis: bf7c407c2cedff20999df2af8eb42d56 -> 
  custom:audio-encoder-webm-vorbis: bf7c407c2cedff20999df2af8eb42d56 -> 
========================================================================
Received Import Request.
  Time since last request: 896.044109 seconds.
  path: Assets/qr.prefab
  artifactKey: Guid(5d121bf8d5488f64c90f4461e193915d) Importer(815301076,1909f56bfc062723c751e8b465ee728b)
Start importing Assets/qr.prefab using Guid(5d121bf8d5488f64c90f4461e193915d) Importer(815301076,1909f56bfc062723c751e8b465ee728b)  -> (artifact id: 'e8d725ca3289376c0173f3a10789e118') in 0.071562 seconds
Number of updated asset objects reloaded before import = 0
Number of asset objects unloaded after import = 9
========================================================================
Received Import Request.
  Time since last request: 3.493571 seconds.
  path: Assets/qr.prefab
  artifactKey: Guid(5d121bf8d5488f64c90f4461e193915d) Importer(815301076,1909f56bfc062723c751e8b465ee728b)
Start importing Assets/qr.prefab using Guid(5d121bf8d5488f64c90f4461e193915d) Importer(815301076,1909f56bfc062723c751e8b465ee728b)  -> (artifact id: '3ae737f818f2aeada16d94e01ca1ff71') in 0.013948 seconds
Number of updated asset objects reloaded before import = 0
Number of asset objects unloaded after import = 9
========================================================================
Received Import Request.
  Time since last request: 3.107561 seconds.
  path: Assets/qr.prefab
  artifactKey: Guid(5d121bf8d5488f64c90f4461e193915d) Importer(815301076,1909f56bfc062723c751e8b465ee728b)
Start importing Assets/qr.prefab using Guid(5d121bf8d5488f64c90f4461e193915d) Importer(815301076,1909f56bfc062723c751e8b465ee728b)  -> (artifact id: 'c7d6edc585e054c3cb80dd41a92b9c6d') in 0.012360 seconds
Number of updated asset objects reloaded before import = 0
Number of asset objects unloaded after import = 9
========================================================================
Received Import Request.
  Time since last request: 5.155869 seconds.
  path: Assets/SceneManager.cs
  artifactKey: Guid(ed20d5dc009a23c41b12a2cfa2816379) Importer(815301076,1909f56bfc062723c751e8b465ee728b)
Start importing Assets/SceneManager.cs using Guid(ed20d5dc009a23c41b12a2cfa2816379) Importer(815301076,1909f56bfc062723c751e8b465ee728b)  -> (artifact id: '5aacf7fb5a7971fd0355361354f6d583') in 0.000449 seconds
Number of updated asset objects reloaded before import = 0
Number of asset objects unloaded after import = 0
========================================================================
Received Prepare
Refreshing native plugins compatible for Editor in 18.88 ms, found 11 plugins.
Preloading 0 native plugins for Editor in 0.00 ms.
Unloading 8 Unused Serialized files (Serialized files now loaded: 0)
Unloading 6 unused Assets / (1.1 MB). Loaded Objects now: 5418.
Memory consumption went from 95.8 MB to 94.8 MB.
Total: 4.904700 ms (FindLiveObjects: 0.282500 ms CreateObjectMapping: 0.236500 ms MarkObjects: 3.817900 ms  DeleteObjects: 0.566800 ms)

Prepare: number of updated asset objects reloaded= 0
AssetImportParameters requested are different than current active one (requested -> active):
  custom:container-demuxer-ogg: 62fdf1f143b41e24485cea50d1cbac27 -> 
  custom:video-decoder-ogg-theora: a1e56fd34408186e4bbccfd4996cb3dc -> 
  custom:framework-win-MediaFoundation: 216162199b28c13a410421893ffa2e32 -> 
  custom:CustomObjectIndexerAttribute: 756ad292c208cfabdd7b50bc23989ffe -> 
  custom:container-demuxer-webm: 4f35f7cbe854078d1ac9338744f61a02 -> 
  custom:container-muxer-webm: aa71ff27fc2769a1b78a27578f13a17b -> 
  custom:video-decoder-webm-vp8: 9c59270c3fd7afecdb556c50c9e8de78 -> 
  custom:SearchIndexIgnoredProperties: e643bd26f0fe6173181afceb89e7c659 -> 
  custom:AudioImporter_EditorPlatform: d09bf68614088b80899f8185d706f6e7 -> 
  custom:video-encoder-webm-vp8: eb34c28f22e8b96e1ab97ce403110664 -> 
  custom:audio-decoder-ogg-vorbis: bf7c407c2cedff20999df2af8eb42d56 -> 
  custom:audio-encoder-webm-vorbis: bf7c407c2cedff20999df2af8eb42d56 -> 
========================================================================
Received Import Request.
  Time since last request: 25.208572 seconds.
  path: Assets/ReferenceImageLibrary.asset
  artifactKey: Guid(94fe9272d0de1d442995acbe1a55a29f) Importer(815301076,1909f56bfc062723c751e8b465ee728b)
Start importing Assets/ReferenceImageLibrary.asset using Guid(94fe9272d0de1d442995acbe1a55a29f) Importer(815301076,1909f56bfc062723c751e8b465ee728b)  -> (artifact id: '5d933b20c358537f9dfa500b6fc6c400') in 0.008134 seconds
Number of updated asset objects reloaded before import = 0
Number of asset objects unloaded after import = 1
========================================================================
Received Import Request.
  Time since last request: 263.683541 seconds.
  path: Assets/qr.prefab
  artifactKey: Guid(5d121bf8d5488f64c90f4461e193915d) Importer(815301076,1909f56bfc062723c751e8b465ee728b)
Start importing Assets/qr.prefab using Guid(5d121bf8d5488f64c90f4461e193915d) Importer(815301076,1909f56bfc062723c751e8b465ee728b)  -> (artifact id: '127f4daaa68bc8e849801879a711e771') in 0.023265 seconds
Number of updated asset objects reloaded before import = 0
Number of asset objects unloaded after import = 9
========================================================================
Received Import Request.
  Time since last request: 2.282348 seconds.
  path: Assets/qr.prefab
  artifactKey: Guid(5d121bf8d5488f64c90f4461e193915d) Importer(815301076,1909f56bfc062723c751e8b465ee728b)
Start importing Assets/qr.prefab using Guid(5d121bf8d5488f64c90f4461e193915d) Importer(815301076,1909f56bfc062723c751e8b465ee728b)  -> (artifact id: '60c7099b59cb9ae10cc992c3bdcf813a') in 0.009359 seconds
Number of updated asset objects reloaded before import = 0
Number of asset objects unloaded after import = 9
========================================================================
Received Import Request.
  Time since last request: 3.494081 seconds.
  path: Assets/qr.prefab
  artifactKey: Guid(5d121bf8d5488f64c90f4461e193915d) Importer(815301076,1909f56bfc062723c751e8b465ee728b)
Start importing Assets/qr.prefab using Guid(5d121bf8d5488f64c90f4461e193915d) Importer(815301076,1909f56bfc062723c751e8b465ee728b)  -> (artifact id: 'bf2550c1c7f10e7ad1760249dd7cdece') in 0.011670 seconds
Number of updated asset objects reloaded before import = 0
Number of asset objects unloaded after import = 9
========================================================================
Received Import Request.
  Time since last request: 23.310789 seconds.
  path: Assets/SceneManager.cs
  artifactKey: Guid(ed20d5dc009a23c41b12a2cfa2816379) Importer(815301076,1909f56bfc062723c751e8b465ee728b)
Start importing Assets/SceneManager.cs using Guid(ed20d5dc009a23c41b12a2cfa2816379) Importer(815301076,1909f56bfc062723c751e8b465ee728b)  -> (artifact id: 'c97345cf624b82f5df39861e065807eb') in 0.000448 seconds
Number of updated asset objects reloaded before import = 0
Number of asset objects unloaded after import = 0
========================================================================
Received Prepare
Begin MonoManager ReloadAssembly
- Loaded All Assemblies, in  1.476 seconds
Refreshing native plugins compatible for Editor in 11.33 ms, found 11 plugins.
Native extension for WindowsStandalone target not found
Native extension for Android target not found
Native extension for WebGL target not found
[Package Manager] Server::EnsureServerProcessIsRunning -- launch failed, reason: Unity was launched with the -noUpm command-line argument
[Package Manager] UpmClient::Send -- Unable to send message (not connected to UPM process).
[Package Manager] Cannot connect to Unity Package Manager local server
[Package Manager] Server::EnsureServerProcessIsRunning -- launch failed, reason: Unity was launched with the -noUpm command-line argument
[Package Manager] UpmClient::Send -- Unable to send message (not connected to UPM process).
[Package Manager] Cannot connect to Unity Package Manager local server
Mono: successfully reloaded assembly
[Package Manager] Server::EnsureServerProcessIsRunning -- launch failed, reason: Unity was launched with the -noUpm command-line argument
[Package Manager] UpmClient::Send -- Unable to send message (not connected to UPM process).
[Package Manager] Cannot connect to Unity Package Manager local server
- Finished resetting the current domain, in  8.374 seconds
Domain Reload Profiling: 9846ms
	BeginReloadAssembly (126ms)
		ExecutionOrderSort (0ms)
		DisableScriptedObjects (3ms)
		BackupInstance (0ms)
		ReleaseScriptingObjects (0ms)
		CreateAndSetChildDomain (29ms)
	RebuildCommonClasses (28ms)
	RebuildNativeTypeToScriptingClass (8ms)
	initialDomainReloadingComplete (25ms)
	LoadAllAssembliesAndSetupDomain (1285ms)
		LoadAssemblies (1317ms)
		RebuildTransferFunctionScriptingTraits (0ms)
		AnalyzeDomain (32ms)
			TypeCache.Refresh (9ms)
				TypeCache.ScanAssembly (1ms)
			ScanForSourceGeneratedMonoScriptInfo (14ms)
			ResolveRequiredComponents (8ms)
	FinalizeReload (8374ms)
		ReleaseScriptCaches (0ms)
		RebuildScriptCaches (0ms)
		SetupLoadedEditorAssemblies (510ms)
			LogAssemblyErrors (0ms)
			InitializePlatformSupportModulesInManaged (20ms)
			SetLoadedEditorAssemblies (2ms)
			RefreshPlugins (0ms)
			BeforeProcessingInitializeOnLoad (60ms)
			ProcessInitializeOnLoadAttributes (220ms)
			ProcessInitializeOnLoadMethodAttributes (203ms)
			AfterProcessingInitializeOnLoad (6ms)
			EditorAssembliesLoaded (0ms)
		ExecutionOrderSort2 (0ms)
		AwakeInstancesAfterBackupRestoration (6ms)
Refreshing native plugins compatible for Editor in 17.52 ms, found 11 plugins.
Preloading 0 native plugins for Editor in 0.00 ms.
Unloading 4905 Unused Serialized files (Serialized files now loaded: 0)
Unloading 94 unused Assets / (1.1 MB). Loaded Objects now: 5419.
Memory consumption went from 176.8 MB to 175.7 MB.
Total: 3.325000 ms (FindLiveObjects: 0.262900 ms CreateObjectMapping: 0.134400 ms MarkObjects: 2.445600 ms  DeleteObjects: 0.481300 ms)

Prepare: number of updated asset objects reloaded= 0
AssetImportParameters requested are different than current active one (requested -> active):
  custom:container-demuxer-ogg: 62fdf1f143b41e24485cea50d1cbac27 -> 
  custom:video-decoder-ogg-theora: a1e56fd34408186e4bbccfd4996cb3dc -> 
  custom:framework-win-MediaFoundation: 216162199b28c13a410421893ffa2e32 -> 
  custom:CustomObjectIndexerAttribute: 756ad292c208cfabdd7b50bc23989ffe -> 
  custom:container-demuxer-webm: 4f35f7cbe854078d1ac9338744f61a02 -> 
  custom:container-muxer-webm: aa71ff27fc2769a1b78a27578f13a17b -> 
  custom:video-decoder-webm-vp8: 9c59270c3fd7afecdb556c50c9e8de78 -> 
  custom:SearchIndexIgnoredProperties: e643bd26f0fe6173181afceb89e7c659 -> 
  custom:AudioImporter_EditorPlatform: d09bf68614088b80899f8185d706f6e7 -> 
  custom:video-encoder-webm-vp8: eb34c28f22e8b96e1ab97ce403110664 -> 
  custom:audio-decoder-ogg-vorbis: bf7c407c2cedff20999df2af8eb42d56 -> 
  custom:audio-encoder-webm-vorbis: bf7c407c2cedff20999df2af8eb42d56 -> 
========================================================================
Received Prepare
Begin MonoManager ReloadAssembly
- Loaded All Assemblies, in  0.380 seconds
Refreshing native plugins compatible for Editor in 12.23 ms, found 11 plugins.
Native extension for WindowsStandalone target not found
Native extension for Android target not found
Native extension for WebGL target not found
[Package Manager] Server::EnsureServerProcessIsRunning -- launch failed, reason: Unity was launched with the -noUpm command-line argument
[Package Manager] UpmClient::Send -- Unable to send message (not connected to UPM process).
[Package Manager] Cannot connect to Unity Package Manager local server
[Package Manager] Server::EnsureServerProcessIsRunning -- launch failed, reason: Unity was launched with the -noUpm command-line argument
[Package Manager] UpmClient::Send -- Unable to send message (not connected to UPM process).
[Package Manager] Cannot connect to Unity Package Manager local server
Mono: successfully reloaded assembly
[Package Manager] Server::EnsureServerProcessIsRunning -- launch failed, reason: Unity was launched with the -noUpm command-line argument
[Package Manager] UpmClient::Send -- Unable to send message (not connected to UPM process).
[Package Manager] Cannot connect to Unity Package Manager local server
- Finished resetting the current domain, in  1.010 seconds
Domain Reload Profiling: 1386ms
	BeginReloadAssembly (127ms)
		ExecutionOrderSort (0ms)
		DisableScriptedObjects (3ms)
		BackupInstance (0ms)
		ReleaseScriptingObjects (0ms)
		CreateAndSetChildDomain (27ms)
	RebuildCommonClasses (24ms)
	RebuildNativeTypeToScriptingClass (8ms)
	initialDomainReloadingComplete (24ms)
	LoadAllAssembliesAndSetupDomain (192ms)
		LoadAssemblies (233ms)
		RebuildTransferFunctionScriptingTraits (0ms)
		AnalyzeDomain (26ms)
			TypeCache.Refresh (9ms)
				TypeCache.ScanAssembly (1ms)
			ScanForSourceGeneratedMonoScriptInfo (11ms)
			ResolveRequiredComponents (5ms)
	FinalizeReload (1011ms)
		ReleaseScriptCaches (0ms)
		RebuildScriptCaches (0ms)
		SetupLoadedEditorAssemblies (559ms)
			LogAssemblyErrors (0ms)
			InitializePlatformSupportModulesInManaged (21ms)
			SetLoadedEditorAssemblies (2ms)
			RefreshPlugins (0ms)
			BeforeProcessingInitializeOnLoad (61ms)
			ProcessInitializeOnLoadAttributes (251ms)
			ProcessInitializeOnLoadMethodAttributes (218ms)
			AfterProcessingInitializeOnLoad (6ms)
			EditorAssembliesLoaded (0ms)
		ExecutionOrderSort2 (0ms)
		AwakeInstancesAfterBackupRestoration (6ms)
Refreshing native plugins compatible for Editor in 15.42 ms, found 11 plugins.
Preloading 0 native plugins for Editor in 0.00 ms.
Unloading 4907 Unused Serialized files (Serialized files now loaded: 0)
Unloading 94 unused Assets / (1.2 MB). Loaded Objects now: 5423.
Memory consumption went from 179.3 MB to 178.1 MB.
Total: 3.042500 ms (FindLiveObjects: 0.266900 ms CreateObjectMapping: 0.153200 ms MarkObjects: 2.168900 ms  DeleteObjects: 0.452900 ms)

Prepare: number of updated asset objects reloaded= 0
AssetImportParameters requested are different than current active one (requested -> active):
  custom:container-demuxer-ogg: 62fdf1f143b41e24485cea50d1cbac27 -> 
  custom:video-decoder-ogg-theora: a1e56fd34408186e4bbccfd4996cb3dc -> 
  custom:framework-win-MediaFoundation: 216162199b28c13a410421893ffa2e32 -> 
  custom:CustomObjectIndexerAttribute: 756ad292c208cfabdd7b50bc23989ffe -> 
  custom:container-demuxer-webm: 4f35f7cbe854078d1ac9338744f61a02 -> 
  custom:container-muxer-webm: aa71ff27fc2769a1b78a27578f13a17b -> 
  custom:video-decoder-webm-vp8: 9c59270c3fd7afecdb556c50c9e8de78 -> 
  custom:SearchIndexIgnoredProperties: e643bd26f0fe6173181afceb89e7c659 -> 
  custom:AudioImporter_EditorPlatform: d09bf68614088b80899f8185d706f6e7 -> 
  custom:video-encoder-webm-vp8: eb34c28f22e8b96e1ab97ce403110664 -> 
  custom:audio-decoder-ogg-vorbis: bf7c407c2cedff20999df2af8eb42d56 -> 
  custom:audio-encoder-webm-vorbis: bf7c407c2cedff20999df2af8eb42d56 -> 
========================================================================
Received Prepare
Refreshing native plugins compatible for Editor in 16.67 ms, found 11 plugins.
Preloading 0 native plugins for Editor in 0.00 ms.
Unloading 8 Unused Serialized files (Serialized files now loaded: 0)
Unloading 6 unused Assets / (1.1 MB). Loaded Objects now: 5425.
Memory consumption went from 100.1 MB to 99.0 MB.
Total: 4.433800 ms (FindLiveObjects: 0.272000 ms CreateObjectMapping: 0.210100 ms MarkObjects: 3.349300 ms  DeleteObjects: 0.601000 ms)

Prepare: number of updated asset objects reloaded= 0
AssetImportParameters requested are different than current active one (requested -> active):
  custom:container-demuxer-ogg: 62fdf1f143b41e24485cea50d1cbac27 -> 
  custom:video-decoder-ogg-theora: a1e56fd34408186e4bbccfd4996cb3dc -> 
  custom:framework-win-MediaFoundation: 216162199b28c13a410421893ffa2e32 -> 
  custom:CustomObjectIndexerAttribute: 756ad292c208cfabdd7b50bc23989ffe -> 
  custom:container-demuxer-webm: 4f35f7cbe854078d1ac9338744f61a02 -> 
  custom:container-muxer-webm: aa71ff27fc2769a1b78a27578f13a17b -> 
  custom:video-decoder-webm-vp8: 9c59270c3fd7afecdb556c50c9e8de78 -> 
  custom:SearchIndexIgnoredProperties: e643bd26f0fe6173181afceb89e7c659 -> 
  custom:AudioImporter_EditorPlatform: d09bf68614088b80899f8185d706f6e7 -> 
  custom:video-encoder-webm-vp8: eb34c28f22e8b96e1ab97ce403110664 -> 
  custom:audio-decoder-ogg-vorbis: bf7c407c2cedff20999df2af8eb42d56 -> 
  custom:audio-encoder-webm-vorbis: bf7c407c2cedff20999df2af8eb42d56 -> 
========================================================================
Received Import Request.
  Time since last request: 259.109299 seconds.
  path: Assets/book.jpg
  artifactKey: Guid(5f5db01b14c4281449e1f4ac0baac685) Importer(815301076,1909f56bfc062723c751e8b465ee728b)
Start importing Assets/book.jpg using Guid(5f5db01b14c4281449e1f4ac0baac685) Importer(815301076,1909f56bfc062723c751e8b465ee728b)  -> (artifact id: '3ca472c8edfb87e4d7f54918b699698b') in 0.120600 seconds
Number of updated asset objects reloaded before import = 0
Number of asset objects unloaded after import = 2
========================================================================
Received Import Request.
  Time since last request: 15.201350 seconds.
  path: Assets/book.prefab
  artifactKey: Guid(52d1631a596bc0f429e6a10baaea4ed5) Importer(815301076,1909f56bfc062723c751e8b465ee728b)
Start importing Assets/book.prefab using Guid(52d1631a596bc0f429e6a10baaea4ed5) Importer(815301076,1909f56bfc062723c751e8b465ee728b)  -> (artifact id: 'f556e1fd1dfd4ccae3a43e2d628ec4bc') in 0.005468 seconds
Number of updated asset objects reloaded before import = 0
Number of asset objects unloaded after import = 4
========================================================================
Received Import Request.
  Time since last request: 62.526365 seconds.
  path: Assets/RPG-Character.prefab
  artifactKey: Guid(e59b5fa0e100fb34382bbae9cde06dce) Importer(815301076,1909f56bfc062723c751e8b465ee728b)
Start importing Assets/RPG-Character.prefab using Guid(e59b5fa0e100fb34382bbae9cde06dce) Importer(815301076,1909f56bfc062723c751e8b465ee728b)  -> (artifact id: '0320838edf51be114104621030e82331') in 0.107051 seconds
Number of updated asset objects reloaded before import = 0
Number of asset objects unloaded after import = 548
========================================================================
Received Import Request.
  Time since last request: 9.312366 seconds.
  path: Assets/book.prefab
  artifactKey: Guid(52d1631a596bc0f429e6a10baaea4ed5) Importer(815301076,1909f56bfc062723c751e8b465ee728b)
Start importing Assets/book.prefab using Guid(52d1631a596bc0f429e6a10baaea4ed5) Importer(815301076,1909f56bfc062723c751e8b465ee728b)  -> (artifact id: '94e90590e11c60d1fa4ce2b3158ea3ee') in 0.083970 seconds
Number of updated asset objects reloaded before import = 0
Number of asset objects unloaded after import = 663
========================================================================
Received Import Request.
  Time since last request: 16.706496 seconds.
  path: Assets/book.prefab
  artifactKey: Guid(52d1631a596bc0f429e6a10baaea4ed5) Importer(815301076,1909f56bfc062723c751e8b465ee728b)
Start importing Assets/book.prefab using Guid(52d1631a596bc0f429e6a10baaea4ed5) Importer(815301076,1909f56bfc062723c751e8b465ee728b)  -> (artifact id: 'c74fd18234bf3452e3bd9e296570a5d8') in 0.085443 seconds
Number of updated asset objects reloaded before import = 0
Number of asset objects unloaded after import = 663
========================================================================
Received Import Request.
  Time since last request: 4.664158 seconds.
  path: Assets/book.prefab
  artifactKey: Guid(52d1631a596bc0f429e6a10baaea4ed5) Importer(815301076,1909f56bfc062723c751e8b465ee728b)
Start importing Assets/book.prefab using Guid(52d1631a596bc0f429e6a10baaea4ed5) Importer(815301076,1909f56bfc062723c751e8b465ee728b)  -> (artifact id: '19cf6431f6022e7c04ae1d3448fddde7') in 0.090095 seconds
Number of updated asset objects reloaded before import = 0
Number of asset objects unloaded after import = 663
========================================================================
Received Import Request.
  Time since last request: 2.360332 seconds.
  path: Assets/book.prefab
  artifactKey: Guid(52d1631a596bc0f429e6a10baaea4ed5) Importer(815301076,1909f56bfc062723c751e8b465ee728b)
Start importing Assets/book.prefab using Guid(52d1631a596bc0f429e6a10baaea4ed5) Importer(815301076,1909f56bfc062723c751e8b465ee728b)  -> (artifact id: '66dfa20c17a6ae4926b409c759fa56f0') in 0.091729 seconds
Number of updated asset objects reloaded before import = 0
Number of asset objects unloaded after import = 663
========================================================================
Received Import Request.
  Time since last request: 2.429223 seconds.
  path: Assets/ReferenceImageLibrary.asset
  artifactKey: Guid(94fe9272d0de1d442995acbe1a55a29f) Importer(815301076,1909f56bfc062723c751e8b465ee728b)
Start importing Assets/ReferenceImageLibrary.asset using Guid(94fe9272d0de1d442995acbe1a55a29f) Importer(815301076,1909f56bfc062723c751e8b465ee728b)  -> (artifact id: 'f925ce42229437f7454a6904fb1b0d02') in 0.010749 seconds
Number of updated asset objects reloaded before import = 0
Number of asset objects unloaded after import = 1
========================================================================
Received Import Request.
  Time since last request: 19.306607 seconds.
  path: Assets/ExplosiveLLC/Editor/SetupInputLayers.cs
  artifactKey: Guid(ec2de03be4db0194d875d26d8e728b9c) Importer(815301076,1909f56bfc062723c751e8b465ee728b)
Start importing Assets/ExplosiveLLC/Editor/SetupInputLayers.cs using Guid(ec2de03be4db0194d875d26d8e728b9c) Importer(815301076,1909f56bfc062723c751e8b465ee728b)  -> (artifact id: 'd78c22bed20e8496e9cd37c3b0e49e74') in 0.000446 seconds
Number of updated asset objects reloaded before import = 0
Number of asset objects unloaded after import = 0
========================================================================
Received Prepare
Begin MonoManager ReloadAssembly
- Loaded All Assemblies, in  0.417 seconds
Refreshing native plugins compatible for Editor in 11.57 ms, found 11 plugins.
Native extension for WindowsStandalone target not found
Native extension for Android target not found
Native extension for WebGL target not found
[Package Manager] Server::EnsureServerProcessIsRunning -- launch failed, reason: Unity was launched with the -noUpm command-line argument
[Package Manager] UpmClient::Send -- Unable to send message (not connected to UPM process).
[Package Manager] Cannot connect to Unity Package Manager local server
[Package Manager] Server::EnsureServerProcessIsRunning -- launch failed, reason: Unity was launched with the -noUpm command-line argument
[Package Manager] UpmClient::Send -- Unable to send message (not connected to UPM process).
[Package Manager] Cannot connect to Unity Package Manager local server
Mono: successfully reloaded assembly
[Package Manager] Server::EnsureServerProcessIsRunning -- launch failed, reason: Unity was launched with the -noUpm command-line argument
[Package Manager] UpmClient::Send -- Unable to send message (not connected to UPM process).
[Package Manager] Cannot connect to Unity Package Manager local server
- Finished resetting the current domain, in  1.393 seconds
Domain Reload Profiling: 1806ms
	BeginReloadAssembly (137ms)
		ExecutionOrderSort (0ms)
		DisableScriptedObjects (3ms)
		BackupInstance (0ms)
		ReleaseScriptingObjects (0ms)
		CreateAndSetChildDomain (30ms)
	RebuildCommonClasses (26ms)
	RebuildNativeTypeToScriptingClass (8ms)
	initialDomainReloadingComplete (22ms)
	LoadAllAssembliesAndSetupDomain (221ms)
		LoadAssemblies (266ms)
		RebuildTransferFunctionScriptingTraits (0ms)
		AnalyzeDomain (25ms)
			TypeCache.Refresh (8ms)
				TypeCache.ScanAssembly (0ms)
			ScanForSourceGeneratedMonoScriptInfo (11ms)
			ResolveRequiredComponents (5ms)
	FinalizeReload (1393ms)
		ReleaseScriptCaches (0ms)
		RebuildScriptCaches (0ms)
		SetupLoadedEditorAssemblies (525ms)
			LogAssemblyErrors (0ms)
			InitializePlatformSupportModulesInManaged (20ms)
			SetLoadedEditorAssemblies (2ms)
			RefreshPlugins (0ms)
			BeforeProcessingInitializeOnLoad (60ms)
			ProcessInitializeOnLoadAttributes (226ms)
			ProcessInitializeOnLoadMethodAttributes (210ms)
			AfterProcessingInitializeOnLoad (6ms)
			EditorAssembliesLoaded (0ms)
		ExecutionOrderSort2 (0ms)
		AwakeInstancesAfterBackupRestoration (6ms)
Refreshing native plugins compatible for Editor in 12.41 ms, found 11 plugins.
Preloading 0 native plugins for Editor in 0.00 ms.
Unloading 4905 Unused Serialized files (Serialized files now loaded: 0)
Unloading 95 unused Assets / (1.2 MB). Loaded Objects now: 5429.
Memory consumption went from 180.9 MB to 179.7 MB.
Total: 3.704500 ms (FindLiveObjects: 0.239800 ms CreateObjectMapping: 0.143600 ms MarkObjects: 2.610800 ms  DeleteObjects: 0.709400 ms)

Prepare: number of updated asset objects reloaded= 0
AssetImportParameters requested are different than current active one (requested -> active):
  custom:container-demuxer-ogg: 62fdf1f143b41e24485cea50d1cbac27 -> 
  custom:video-decoder-ogg-theora: a1e56fd34408186e4bbccfd4996cb3dc -> 
  custom:framework-win-MediaFoundation: 216162199b28c13a410421893ffa2e32 -> 
  custom:CustomObjectIndexerAttribute: 756ad292c208cfabdd7b50bc23989ffe -> 
  custom:container-demuxer-webm: 4f35f7cbe854078d1ac9338744f61a02 -> 
  custom:container-muxer-webm: aa71ff27fc2769a1b78a27578f13a17b -> 
  custom:video-decoder-webm-vp8: 9c59270c3fd7afecdb556c50c9e8de78 -> 
  custom:SearchIndexIgnoredProperties: e643bd26f0fe6173181afceb89e7c659 -> 
  custom:AudioImporter_EditorPlatform: d09bf68614088b80899f8185d706f6e7 -> 
  custom:video-encoder-webm-vp8: eb34c28f22e8b96e1ab97ce403110664 -> 
  custom:audio-decoder-ogg-vorbis: bf7c407c2cedff20999df2af8eb42d56 -> 
  custom:audio-encoder-webm-vorbis: bf7c407c2cedff20999df2af8eb42d56 -> 
========================================================================
Received Import Request.
  Time since last request: 22.285645 seconds.
  path: Assets/book.prefab
  artifactKey: Guid(52d1631a596bc0f429e6a10baaea4ed5) Importer(815301076,1909f56bfc062723c751e8b465ee728b)
Start importing Assets/book.prefab using Guid(52d1631a596bc0f429e6a10baaea4ed5) Importer(815301076,1909f56bfc062723c751e8b465ee728b)  -> (artifact id: '29fb3668f9bde4ebcfae9f561496acb1') in 0.138496 seconds
Number of updated asset objects reloaded before import = 0
Number of asset objects unloaded after import = 663
========================================================================
Received Import Request.
  Time since last request: 0.713491 seconds.
  path: Assets/book.prefab
  artifactKey: Guid(52d1631a596bc0f429e6a10baaea4ed5) Importer(815301076,1909f56bfc062723c751e8b465ee728b)
Start importing Assets/book.prefab using Guid(52d1631a596bc0f429e6a10baaea4ed5) Importer(815301076,1909f56bfc062723c751e8b465ee728b)  -> (artifact id: 'e60d0466ae1ed78e82806586b033977f') in 0.095808 seconds
Number of updated asset objects reloaded before import = 0
Number of asset objects unloaded after import = 663
========================================================================
Received Import Request.
  Time since last request: 5.592370 seconds.
  path: Assets/book.prefab
  artifactKey: Guid(52d1631a596bc0f429e6a10baaea4ed5) Importer(815301076,1909f56bfc062723c751e8b465ee728b)
Start importing Assets/book.prefab using Guid(52d1631a596bc0f429e6a10baaea4ed5) Importer(815301076,1909f56bfc062723c751e8b465ee728b)  -> (artifact id: 'c28a2076a8fc3dc351d25538a9fd8246') in 0.085092 seconds
Number of updated asset objects reloaded before import = 0
Number of asset objects unloaded after import = 663
========================================================================
Received Import Request.
  Time since last request: 1.722279 seconds.
  path: Assets/book.prefab
  artifactKey: Guid(52d1631a596bc0f429e6a10baaea4ed5) Importer(815301076,1909f56bfc062723c751e8b465ee728b)
Start importing Assets/book.prefab using Guid(52d1631a596bc0f429e6a10baaea4ed5) Importer(815301076,1909f56bfc062723c751e8b465ee728b)  -> (artifact id: '38d5972093c08f1889b49ccef71942f7') in 0.085134 seconds
Number of updated asset objects reloaded before import = 0
Number of asset objects unloaded after import = 663
========================================================================
Received Import Request.
  Time since last request: 1.312968 seconds.
  path: Assets/book.prefab
  artifactKey: Guid(52d1631a596bc0f429e6a10baaea4ed5) Importer(815301076,1909f56bfc062723c751e8b465ee728b)
Start importing Assets/book.prefab using Guid(52d1631a596bc0f429e6a10baaea4ed5) Importer(815301076,1909f56bfc062723c751e8b465ee728b)  -> (artifact id: '4306299b8553394da31e457c4e742bbb') in 0.082625 seconds
Number of updated asset objects reloaded before import = 0
Number of asset objects unloaded after import = 663
========================================================================
Received Import Request.
  Time since last request: 195.083692 seconds.
  path: Assets/me.jpg
  artifactKey: Guid(35912d1db044d1d4fb82224a0126c22a) Importer(815301076,1909f56bfc062723c751e8b465ee728b)
Start importing Assets/me.jpg using Guid(35912d1db044d1d4fb82224a0126c22a) Importer(815301076,1909f56bfc062723c751e8b465ee728b)  -> (artifact id: '18571c4861f625647916007bc34e7855') in 0.034566 seconds
Number of updated asset objects reloaded before import = 0
Number of asset objects unloaded after import = 2
========================================================================
Received Import Request.
  Time since last request: 88.025741 seconds.
  path: Assets/book.prefab
  artifactKey: Guid(52d1631a596bc0f429e6a10baaea4ed5) Importer(815301076,1909f56bfc062723c751e8b465ee728b)
Start importing Assets/book.prefab using Guid(52d1631a596bc0f429e6a10baaea4ed5) Importer(815301076,1909f56bfc062723c751e8b465ee728b)  -> (artifact id: '794eaac4f5ce3454c9654e95694849dd') in 0.001801 seconds
Number of updated asset objects reloaded before import = 0
Number of asset objects unloaded after import = 5
========================================================================
Received Import Request.
  Time since last request: 180.503022 seconds.
  path: Assets/indir.jpg
  artifactKey: Guid(76c6154160940fb4ea94f6ff5deb29da) Importer(815301076,1909f56bfc062723c751e8b465ee728b)
Start importing Assets/indir.jpg using Guid(76c6154160940fb4ea94f6ff5deb29da) Importer(815301076,1909f56bfc062723c751e8b465ee728b)  -> (artifact id: 'd77f1a33eefcbaa571fe955a52ae78b7') in 0.017133 seconds
Number of updated asset objects reloaded before import = 0
Number of asset objects unloaded after import = 2
========================================================================
Received Import Request.
  Time since last request: 10.190890 seconds.
  path: Assets/ExplosiveLLC/RPG Character Mecanim Animation Pack FREE/Demo Elements/Materials/Stage/Tree.mat
  artifactKey: Guid(da8188cae1fe5af42950bfdf27e02892) Importer(815301076,1909f56bfc062723c751e8b465ee728b)
Start importing Assets/ExplosiveLLC/RPG Character Mecanim Animation Pack FREE/Demo Elements/Materials/Stage/Tree.mat using Guid(da8188cae1fe5af42950bfdf27e02892) Importer(815301076,1909f56bfc062723c751e8b465ee728b)  -> (artifact id: 'fe09f469c11dde31a34d02c55ffb33bf') in 0.049563 seconds
Number of updated asset objects reloaded before import = 0
Number of asset objects unloaded after import = 2
========================================================================
Received Import Request.
  Time since last request: 0.169470 seconds.
  path: Assets/ExplosiveLLC/RPG Character Mecanim Animation Pack FREE/Demo Elements/Materials/Stage/Stage.mat
  artifactKey: Guid(fd3619eef46537347a3946889f3de92f) Importer(815301076,1909f56bfc062723c751e8b465ee728b)
Start importing Assets/ExplosiveLLC/RPG Character Mecanim Animation Pack FREE/Demo Elements/Materials/Stage/Stage.mat using Guid(fd3619eef46537347a3946889f3de92f) Importer(815301076,1909f56bfc062723c751e8b465ee728b)  -> (artifact id: '1413f40d01e03e3576b73eaf314f1bfd') in 0.011875 seconds
Number of updated asset objects reloaded before import = 0
Number of asset objects unloaded after import = 2
========================================================================
Received Import Request.
  Time since last request: 0.034123 seconds.
  path: Assets/ExplosiveLLC/SuperCharacterController/Materials/Shiny.mat
  artifactKey: Guid(0ed2a735a8e55a04fb0d00a4317a2440) Importer(815301076,1909f56bfc062723c751e8b465ee728b)
Start importing Assets/ExplosiveLLC/SuperCharacterController/Materials/Shiny.mat using Guid(0ed2a735a8e55a04fb0d00a4317a2440) Importer(815301076,1909f56bfc062723c751e8b465ee728b)  -> (artifact id: '81cbd374c98b052f7518a103960f7b93') in 0.018487 seconds
Number of updated asset objects reloaded before import = 0
Number of asset objects unloaded after import = 1
========================================================================
Received Import Request.
  Time since last request: 0.000023 seconds.
  path: Assets/ExplosiveLLC/SuperCharacterController/Materials/RedWall.mat
  artifactKey: Guid(20ca368cb1127764081a598c0618bc5c) Importer(815301076,1909f56bfc062723c751e8b465ee728b)
Start importing Assets/ExplosiveLLC/SuperCharacterController/Materials/RedWall.mat using Guid(20ca368cb1127764081a598c0618bc5c) Importer(815301076,1909f56bfc062723c751e8b465ee728b)  -> (artifact id: '4672e67899f0fbb426f25b9fe3fe35b9') in 0.015281 seconds
Number of updated asset objects reloaded before import = 0
Number of asset objects unloaded after import = 1
========================================================================
Received Import Request.
  Time since last request: 0.000017 seconds.
  path: Assets/ExplosiveLLC/RPG Character Mecanim Animation Pack FREE/Demo Elements/Materials/Platform.mat
  artifactKey: Guid(3ac6bf02143baca46b1893045b529c30) Importer(815301076,1909f56bfc062723c751e8b465ee728b)
Start importing Assets/ExplosiveLLC/RPG Character Mecanim Animation Pack FREE/Demo Elements/Materials/Platform.mat using Guid(3ac6bf02143baca46b1893045b529c30) Importer(815301076,1909f56bfc062723c751e8b465ee728b)  -> (artifact id: '8cc613882a141eabd3216c51de848515') in 0.015463 seconds
Number of updated asset objects reloaded before import = 0
Number of asset objects unloaded after import = 2
========================================================================
Received Import Request.
  Time since last request: 0.000015 seconds.
  path: Assets/ExplosiveLLC/SuperCharacterController/Materials/PurpleWall.mat
  artifactKey: Guid(4d098741d9f56b74e9121e078d1106b4) Importer(815301076,1909f56bfc062723c751e8b465ee728b)
Start importing Assets/ExplosiveLLC/SuperCharacterController/Materials/PurpleWall.mat using Guid(4d098741d9f56b74e9121e078d1106b4) Importer(815301076,1909f56bfc062723c751e8b465ee728b)  -> (artifact id: '16e805b0582170d6e5293d50c9b9b66c') in 0.012578 seconds
Number of updated asset objects reloaded before import = 0
Number of asset objects unloaded after import = 1
========================================================================
Received Import Request.
  Time since last request: 0.158185 seconds.
  path: Assets/ExplosiveLLC/SuperCharacterController/Materials/NeonGreen.mat
  artifactKey: Guid(207ef65c4584c4c49b2a0c4abdc213f4) Importer(815301076,1909f56bfc062723c751e8b465ee728b)
Start importing Assets/ExplosiveLLC/SuperCharacterController/Materials/NeonGreen.mat using Guid(207ef65c4584c4c49b2a0c4abdc213f4) Importer(815301076,1909f56bfc062723c751e8b465ee728b)  -> (artifact id: '55ca48c83be76066816e2921e4bce735') in 0.024932 seconds
Number of updated asset objects reloaded before import = 0
Number of asset objects unloaded after import = 1
========================================================================
Received Import Request.
  Time since last request: 0.000015 seconds.
  path: Assets/ExplosiveLLC/SuperCharacterController/Materials/OrangeWall.mat
  artifactKey: Guid(6271a62f4bbd49641a54f55a64209956) Importer(815301076,1909f56bfc062723c751e8b465ee728b)
Start importing Assets/ExplosiveLLC/SuperCharacterController/Materials/OrangeWall.mat using Guid(6271a62f4bbd49641a54f55a64209956) Importer(815301076,1909f56bfc062723c751e8b465ee728b)  -> (artifact id: 'd73d58e087327b9d48fa6cd87f8be1fe') in 0.010787 seconds
Number of updated asset objects reloaded before import = 0
Number of asset objects unloaded after import = 1
========================================================================
Received Import Request.
  Time since last request: 0.016847 seconds.
  path: Assets/TextMesh Pro/Resources/Fonts & Materials/LiberationSans SDF - Drop Shadow.mat
  artifactKey: Guid(e73a58f6e2794ae7b1b7e50b7fb811b0) Importer(815301076,1909f56bfc062723c751e8b465ee728b)
Start importing Assets/TextMesh Pro/Resources/Fonts & Materials/LiberationSans SDF - Drop Shadow.mat using Guid(e73a58f6e2794ae7b1b7e50b7fb811b0) Importer(815301076,1909f56bfc062723c751e8b465ee728b)  -> (artifact id: '96d09c8279c1f16d462f487673e701e1') in 0.080617 seconds
Number of updated asset objects reloaded before import = 0
Number of asset objects unloaded after import = 2
========================================================================
Received Import Request.
  Time since last request: 1.299904 seconds.
  path: Assets/ExplosiveLLC/SuperCharacterController/Materials/GreenWall.mat
  artifactKey: Guid(8b951fc921bcb3341bdbb810abc1bd2c) Importer(815301076,1909f56bfc062723c751e8b465ee728b)
Start importing Assets/ExplosiveLLC/SuperCharacterController/Materials/GreenWall.mat using Guid(8b951fc921bcb3341bdbb810abc1bd2c) Importer(815301076,1909f56bfc062723c751e8b465ee728b)  -> (artifact id: '5612735bc7cee5ba3e77e5940bd1b4d0') in 0.010678 seconds
Number of updated asset objects reloaded before import = 0
Number of asset objects unloaded after import = 1
========================================================================
Received Import Request.
  Time since last request: 0.025263 seconds.
  path: Assets/TextMesh Pro/Fonts/LiberationSans.ttf
  artifactKey: Guid(e3265ab4bf004d28a9537516768c1c75) Importer(815301076,1909f56bfc062723c751e8b465ee728b)
Start importing Assets/TextMesh Pro/Fonts/LiberationSans.ttf using Guid(e3265ab4bf004d28a9537516768c1c75) Importer(815301076,1909f56bfc062723c751e8b465ee728b)  -> (artifact id: '3d375ca063584e7f8e4b40ae5b0bd31a') in 0.028902 seconds
Number of updated asset objects reloaded before import = 0
Number of asset objects unloaded after import = 4
Editor requested this worker to shutdown with reason: Scaling down because of idle timeout
TcpMessagingSession - receive error: operation aborted. errorcode: 995, details: Bir i parac k veya bir uygulama istei nedeniyle G/ ilemi iptal edildi.
AssetImportWorker is now disconnected from the server
Process exiting
Exiting without the bug reporter. Application will terminate with return code 0